Analysis & Synthesis report for RISCV_core
Sat Apr 26 17:03:09 2025
Quartus Prime Version 24.1std.0 Build 1077 03/04/2025 SC Lite Edition


---------------------
; Table of Contents ;
---------------------
  1. Legal Notice
  2. Analysis & Synthesis Summary
  3. Analysis & Synthesis Settings
  4. Parallel Compilation
  5. Analysis & Synthesis Source Files Read
  6. Analysis & Synthesis Resource Usage Summary
  7. Analysis & Synthesis Resource Utilization by Entity
  8. General Register Statistics
  9. Port Connectivity Checks: "Decoder:D1"
 10. Post-Synthesis Netlist Statistics for Top Partition
 11. Elapsed Time Per Partition
 12. Analysis & Synthesis Messages
 13. Analysis & Synthesis Suppressed Messages



----------------
; Legal Notice ;
----------------
Copyright (C) 2025  Altera Corporation. All rights reserved.
Your use of Altera Corporation's design tools, logic functions 
and other software and tools, and any partner logic 
functions, and any output files from any of the foregoing 
(including device programming or simulation files), and any 
associated documentation or information are expressly subject 
to the terms and conditions of the Altera Program License 
Subscription Agreement, the Altera Quartus Prime License Agreement,
the Altera IP License Agreement, or other applicable license
agreement, including, without limitation, that your use is for
the sole purpose of programming logic devices manufactured by
Altera and sold by Altera or its authorized distributors.  Please
refer to the Altera Software License Subscription Agreements 
on the Quartus Prime software download page.



+--------------------------------------------------------------------------------------+
; Analysis & Synthesis Summary                                                         ;
+------------------------------------+-------------------------------------------------+
; Analysis & Synthesis Status        ; Successful - Sat Apr 26 17:03:09 2025           ;
; Quartus Prime Version              ; 24.1std.0 Build 1077 03/04/2025 SC Lite Edition ;
; Revision Name                      ; RISCV_core                                      ;
; Top-level Entity Name              ; RISCV_core                                      ;
; Family                             ; Cyclone IV E                                    ;
; Total logic elements               ; 0                                               ;
;     Total combinational functions  ; 0                                               ;
;     Dedicated logic registers      ; 0                                               ;
; Total registers                    ; 0                                               ;
; Total pins                         ; 3                                               ;
; Total virtual pins                 ; 0                                               ;
; Total memory bits                  ; 0                                               ;
; Embedded Multiplier 9-bit elements ; 0                                               ;
; Total PLLs                         ; 0                                               ;
+------------------------------------+-------------------------------------------------+


+------------------------------------------------------------------------------------------------------------+
; Analysis & Synthesis Settings                                                                              ;
+------------------------------------------------------------------+--------------------+--------------------+
; Option                                                           ; Setting            ; Default Value      ;
+------------------------------------------------------------------+--------------------+--------------------+
; Device                                                           ; EP4CE115F29C7      ;                    ;
; Top-level entity name                                            ; RISCV_core         ; RISCV_core         ;
; Family name                                                      ; Cyclone IV E       ; Cyclone V          ;
; Use smart compilation                                            ; Off                ; Off                ;
; Enable parallel Assembler and Timing Analyzer during compilation ; On                 ; On                 ;
; Enable compact report table                                      ; Off                ; Off                ;
; Restructure Multiplexers                                         ; Auto               ; Auto               ;
; Create Debugging Nodes for IP Cores                              ; Off                ; Off                ;
; Preserve fewer node names                                        ; On                 ; On                 ;
; Intel FPGA IP Evaluation Mode                                    ; Enable             ; Enable             ;
; Verilog Version                                                  ; Verilog_2001       ; Verilog_2001       ;
; VHDL Version                                                     ; VHDL_1993          ; VHDL_1993          ;
; State Machine Processing                                         ; Auto               ; Auto               ;
; Safe State Machine                                               ; Off                ; Off                ;
; Extract Verilog State Machines                                   ; On                 ; On                 ;
; Extract VHDL State Machines                                      ; On                 ; On                 ;
; Ignore Verilog initial constructs                                ; Off                ; Off                ;
; Iteration limit for constant Verilog loops                       ; 5000               ; 5000               ;
; Iteration limit for non-constant Verilog loops                   ; 250                ; 250                ;
; Add Pass-Through Logic to Inferred RAMs                          ; On                 ; On                 ;
; Infer RAMs from Raw Logic                                        ; On                 ; On                 ;
; Parallel Synthesis                                               ; On                 ; On                 ;
; DSP Block Balancing                                              ; Auto               ; Auto               ;
; NOT Gate Push-Back                                               ; On                 ; On                 ;
; Power-Up Don't Care                                              ; On                 ; On                 ;
; Remove Redundant Logic Cells                                     ; Off                ; Off                ;
; Remove Duplicate Registers                                       ; On                 ; On                 ;
; Ignore CARRY Buffers                                             ; Off                ; Off                ;
; Ignore CASCADE Buffers                                           ; Off                ; Off                ;
; Ignore GLOBAL Buffers                                            ; Off                ; Off                ;
; Ignore ROW GLOBAL Buffers                                        ; Off                ; Off                ;
; Ignore LCELL Buffers                                             ; Off                ; Off                ;
; Ignore SOFT Buffers                                              ; On                 ; On                 ;
; Limit AHDL Integers to 32 Bits                                   ; Off                ; Off                ;
; Optimization Technique                                           ; Balanced           ; Balanced           ;
; Carry Chain Length                                               ; 70                 ; 70                 ;
; Auto Carry Chains                                                ; On                 ; On                 ;
; Auto Open-Drain Pins                                             ; On                 ; On                 ;
; Perform WYSIWYG Primitive Resynthesis                            ; Off                ; Off                ;
; Auto ROM Replacement                                             ; On                 ; On                 ;
; Auto RAM Replacement                                             ; On                 ; On                 ;
; Auto DSP Block Replacement                                       ; On                 ; On                 ;
; Auto Shift Register Replacement                                  ; Auto               ; Auto               ;
; Allow Shift Register Merging across Hierarchies                  ; Auto               ; Auto               ;
; Auto Clock Enable Replacement                                    ; On                 ; On                 ;
; Strict RAM Replacement                                           ; Off                ; Off                ;
; Allow Synchronous Control Signals                                ; On                 ; On                 ;
; Force Use of Synchronous Clear Signals                           ; Off                ; Off                ;
; Auto RAM Block Balancing                                         ; On                 ; On                 ;
; Auto RAM to Logic Cell Conversion                                ; Off                ; Off                ;
; Auto Resource Sharing                                            ; Off                ; Off                ;
; Allow Any RAM Size For Recognition                               ; Off                ; Off                ;
; Allow Any ROM Size For Recognition                               ; Off                ; Off                ;
; Allow Any Shift Register Size For Recognition                    ; Off                ; Off                ;
; Use LogicLock Constraints during Resource Balancing              ; On                 ; On                 ;
; Ignore translate_off and synthesis_off directives                ; Off                ; Off                ;
; Timing-Driven Synthesis                                          ; On                 ; On                 ;
; Report Parameter Settings                                        ; On                 ; On                 ;
; Report Source Assignments                                        ; On                 ; On                 ;
; Report Connectivity Checks                                       ; On                 ; On                 ;
; Ignore Maximum Fan-Out Assignments                               ; Off                ; Off                ;
; Synchronization Register Chain Length                            ; 2                  ; 2                  ;
; Power Optimization During Synthesis                              ; Normal compilation ; Normal compilation ;
; HDL message level                                                ; Level2             ; Level2             ;
; Suppress Register Optimization Related Messages                  ; Off                ; Off                ;
; Number of Removed Registers Reported in Synthesis Report         ; 5000               ; 5000               ;
; Number of Swept Nodes Reported in Synthesis Report               ; 5000               ; 5000               ;
; Number of Inverted Registers Reported in Synthesis Report        ; 100                ; 100                ;
; Clock MUX Protection                                             ; On                 ; On                 ;
; Auto Gated Clock Conversion                                      ; Off                ; Off                ;
; Block Design Naming                                              ; Auto               ; Auto               ;
; SDC constraint protection                                        ; Off                ; Off                ;
; Synthesis Effort                                                 ; Auto               ; Auto               ;
; Shift Register Replacement - Allow Asynchronous Clear Signal     ; On                 ; On                 ;
; Pre-Mapping Resynthesis Optimization                             ; Off                ; Off                ;
; Analysis & Synthesis Message Level                               ; Medium             ; Medium             ;
; Disable Register Merging Across Hierarchies                      ; Auto               ; Auto               ;
; Resource Aware Inference For Block RAM                           ; On                 ; On                 ;
+------------------------------------------------------------------+--------------------+--------------------+


+------------------------------------------+
; Parallel Compilation                     ;
+----------------------------+-------------+
; Processors                 ; Number      ;
+----------------------------+-------------+
; Number detected on machine ; 8           ;
; Maximum allowed            ; 4           ;
;                            ;             ;
; Average used               ; 1.00        ;
; Maximum used               ; 1           ;
;                            ;             ;
; Usage by Processor         ; % Time Used ;
;     Processor 1            ; 100.0%      ;
+----------------------------+-------------+


+-----------------------------------------------------------------------------------------------------------------------------------------------------------------------+
; Analysis & Synthesis Source Files Read                                                                                                                                ;
+----------------------------------+-----------------+------------------------------+-------------------------------------------------------------------------+---------+
; File Name with User-Entered Path ; Used in Netlist ; File Type                    ; File Name with Absolute Path                                            ; Library ;
+----------------------------------+-----------------+------------------------------+-------------------------------------------------------------------------+---------+
; RISCV_core/RISCV_core.sv         ; yes             ; User SystemVerilog HDL File  ; D:/Z/projects/RISCV project/RISCV_core_quartus/RISCV_core/RISCV_core.sv ;         ;
; InstructionMemory.sv             ; yes             ; User SystemVerilog HDL File  ; D:/Z/projects/RISCV project/RISCV_core_quartus/InstructionMemory.sv     ;         ;
; ProgramCounter.sv                ; yes             ; User SystemVerilog HDL File  ; D:/Z/projects/RISCV project/RISCV_core_quartus/ProgramCounter.sv        ;         ;
; decoder.sv                       ; yes             ; User SystemVerilog HDL File  ; D:/Z/projects/RISCV project/RISCV_core_quartus/decoder.sv               ;         ;
; ALU.sv                           ; yes             ; User SystemVerilog HDL File  ; D:/Z/projects/RISCV project/RISCV_core_quartus/ALU.sv                   ;         ;
; RegisterFile.sv                  ; yes             ; User SystemVerilog HDL File  ; D:/Z/projects/RISCV project/RISCV_core_quartus/RegisterFile.sv          ;         ;
; types.sv                         ; yes             ; User SystemVerilog HDL File  ; D:/Z/projects/RISCV project/RISCV_core_quartus/types.sv                 ;         ;
+----------------------------------+-----------------+------------------------------+-------------------------------------------------------------------------+---------+


+------------------------------------------------------+
; Analysis & Synthesis Resource Usage Summary          ;
+---------------------------------------------+--------+
; Resource                                    ; Usage  ;
+---------------------------------------------+--------+
;                                             ;        ;
; Total combinational functions               ; 0      ;
; Logic element usage by number of LUT inputs ;        ;
;     -- 4 input functions                    ; 0      ;
;     -- 3 input functions                    ; 0      ;
;     -- <=2 input functions                  ; 0      ;
;                                             ;        ;
; Logic elements by mode                      ;        ;
;     -- normal mode                          ; 0      ;
;     -- arithmetic mode                      ; 0      ;
;                                             ;        ;
; Total registers                             ; 0      ;
;     -- Dedicated logic registers            ; 0      ;
;     -- I/O registers                        ; 0      ;
;                                             ;        ;
; I/O pins                                    ; 3      ;
;                                             ;        ;
; Embedded Multiplier 9-bit elements          ; 0      ;
;                                             ;        ;
; Maximum fan-out node                        ; enable ;
; Maximum fan-out                             ; 1      ;
; Total fan-out                               ; 3      ;
; Average fan-out                             ; 0.50   ;
+---------------------------------------------+--------+


+----------------------------------------------------------------------------------------------------------------------------------------------------------------------------------------------------------+
; Analysis & Synthesis Resource Utilization by Entity                                                                                                                                                      ;
+----------------------------+---------------------+---------------------------+-------------+--------------+---------+-----------+------+--------------+---------------------+-------------+--------------+
; Compilation Hierarchy Node ; Combinational ALUTs ; Dedicated Logic Registers ; Memory Bits ; DSP Elements ; DSP 9x9 ; DSP 18x18 ; Pins ; Virtual Pins ; Full Hierarchy Name ; Entity Name ; Library Name ;
+----------------------------+---------------------+---------------------------+-------------+--------------+---------+-----------+------+--------------+---------------------+-------------+--------------+
; |RISCV_core                ; 0 (0)               ; 0 (0)                     ; 0           ; 0            ; 0       ; 0         ; 3    ; 0            ; |RISCV_core         ; RISCV_core  ; work         ;
+----------------------------+---------------------+---------------------------+-------------+--------------+---------+-----------+------+--------------+---------------------+-------------+--------------+
Note: For table entries with two numbers listed, the numbers in parentheses indicate the number of resources of the given type used by the specific entity alone. The numbers listed outside of parentheses indicate the total resources of the given type used by the specific entity and all of its sub-entities in the hierarchy.


+------------------------------------------------------+
; General Register Statistics                          ;
+----------------------------------------------+-------+
; Statistic                                    ; Value ;
+----------------------------------------------+-------+
; Total registers                              ; 0     ;
; Number of registers using Synchronous Clear  ; 0     ;
; Number of registers using Synchronous Load   ; 0     ;
; Number of registers using Asynchronous Clear ; 0     ;
; Number of registers using Asynchronous Load  ; 0     ;
; Number of registers using Clock Enable       ; 0     ;
; Number of registers using Preset             ; 0     ;
+----------------------------------------------+-------+


+---------------------------------------------------------------------------------------------------------------------+
; Port Connectivity Checks: "Decoder:D1"                                                                              ;
+-----------+--------+----------+-------------------------------------------------------------------------------------+
; Port      ; Type   ; Severity ; Details                                                                             ;
+-----------+--------+----------+-------------------------------------------------------------------------------------+
; inst_type ; Output ; Info     ; Connected to dangling logic. Logic that only feeds a dangling port will be removed. ;
+-----------+--------+----------+-------------------------------------------------------------------------------------+


+-----------------------------------------------------+
; Post-Synthesis Netlist Statistics for Top Partition ;
+-------------------+---------------------------------+
; Type              ; Count                           ;
+-------------------+---------------------------------+
; boundary_port     ; 3                               ;
;                   ;                                 ;
; Max LUT depth     ; 0.00                            ;
; Average LUT depth ; 0.00                            ;
+-------------------+---------------------------------+


+-------------------------------+
; Elapsed Time Per Partition    ;
+----------------+--------------+
; Partition Name ; Elapsed Time ;
+----------------+--------------+
; Top            ; 00:00:00     ;
+----------------+--------------+


+-------------------------------+
; Analysis & Synthesis Messages ;
+-------------------------------+
Info: *******************************************************************
Info: Running Quartus Prime Analysis & Synthesis
    Info: Version 24.1std.0 Build 1077 03/04/2025 SC Lite Edition
    Info: Processing started: Sat Apr 26 17:02:56 2025
Info: Command: quartus_map --read_settings_files=on --write_settings_files=off RISCV_core -c RISCV_core
Warning (18236): Number of processors has not been specified which may cause overloading on shared machines.  Set the global assignment NUM_PARALLEL_PROCESSORS in your QSF to an appropriate value for best performance.
Info (20030): Parallel compilation is enabled and will use 4 of the 4 processors detected
Info (12021): Found 2 design units, including 2 entities, in source file riscv_core/riscv_core.sv
    Info (12023): Found entity 1: RISCV_core File: D:/Z/projects/RISCV project/RISCV_core_quartus/RISCV_core/RISCV_core.sv Line: 4
    Info (12023): Found entity 2: wr_data_mux File: D:/Z/projects/RISCV project/RISCV_core_quartus/RISCV_core/RISCV_core.sv Line: 51
Info (12021): Found 1 design units, including 1 entities, in source file instructionmemory.sv
    Info (12023): Found entity 1: InstructionMemory File: D:/Z/projects/RISCV project/RISCV_core_quartus/InstructionMemory.sv Line: 1
Info (12021): Found 1 design units, including 1 entities, in source file programcounter.sv
    Info (12023): Found entity 1: ProgramCounter File: D:/Z/projects/RISCV project/RISCV_core_quartus/ProgramCounter.sv Line: 1
Info (12021): Found 1 design units, including 1 entities, in source file decoder.sv
    Info (12023): Found entity 1: Decoder File: D:/Z/projects/RISCV project/RISCV_core_quartus/decoder.sv Line: 4
Info (12021): Found 1 design units, including 1 entities, in source file alu.sv
    Info (12023): Found entity 1: ALU File: D:/Z/projects/RISCV project/RISCV_core_quartus/ALU.sv Line: 4
Info (12021): Found 1 design units, including 1 entities, in source file registerfile.sv
    Info (12023): Found entity 1: RegisterFile File: D:/Z/projects/RISCV project/RISCV_core_quartus/RegisterFile.sv Line: 1
Info (12021): Found 1 design units, including 0 entities, in source file types.sv
    Info (12022): Found design unit 1: TypesPkg (SystemVerilog) File: D:/Z/projects/RISCV project/RISCV_core_quartus/types.sv Line: 1
Warning (12019): Can't analyze file -- file wr_data_mux.sv is missing
Info (12127): Elaborating entity "RISCV_core" for the top level hierarchy
Info (12128): Elaborating entity "ProgramCounter" for hierarchy "ProgramCounter:PC1" File: D:/Z/projects/RISCV project/RISCV_core_quartus/RISCV_core/RISCV_core.sv Line: 21
Info (12128): Elaborating entity "InstructionMemory" for hierarchy "InstructionMemory:IM1" File: D:/Z/projects/RISCV project/RISCV_core_quartus/RISCV_core/RISCV_core.sv Line: 23
Warning (10855): Verilog HDL warning at InstructionMemory.sv(48): initial value for variable IMem should be constant File: D:/Z/projects/RISCV project/RISCV_core_quartus/InstructionMemory.sv Line: 48
Warning (10030): Net "IMem" at InstructionMemory.sv(5) has no driver or initial value, using a default initial value '0' File: D:/Z/projects/RISCV project/RISCV_core_quartus/InstructionMemory.sv Line: 5
Info (12128): Elaborating entity "Decoder" for hierarchy "Decoder:D1" File: D:/Z/projects/RISCV project/RISCV_core_quartus/RISCV_core/RISCV_core.sv Line: 25
Info (12128): Elaborating entity "RegisterFile" for hierarchy "RegisterFile:RF1" File: D:/Z/projects/RISCV project/RISCV_core_quartus/RISCV_core/RISCV_core.sv Line: 27
Info (12128): Elaborating entity "ALU" for hierarchy "ALU:ALU1" File: D:/Z/projects/RISCV project/RISCV_core_quartus/RISCV_core/RISCV_core.sv Line: 29
Warning (10764): Verilog HDL warning at ALU.sv(27): converting signed shift amount to unsigned File: D:/Z/projects/RISCV project/RISCV_core_quartus/ALU.sv Line: 27
Warning (10764): Verilog HDL warning at ALU.sv(28): converting signed shift amount to unsigned File: D:/Z/projects/RISCV project/RISCV_core_quartus/ALU.sv Line: 28
Warning (10764): Verilog HDL warning at ALU.sv(29): converting signed shift amount to unsigned File: D:/Z/projects/RISCV project/RISCV_core_quartus/ALU.sv Line: 29
Info (12128): Elaborating entity "wr_data_mux" for hierarchy "wr_data_mux:wrmux" File: D:/Z/projects/RISCV project/RISCV_core_quartus/RISCV_core/RISCV_core.sv Line: 31
Warning (20013): Ignored 7 assignments for entity "ProgramCounter.sv" -- entity does not exist in design
    Warning (20014): Assignment for entity set_global_assignment -name EDA_DESIGN_ENTRY_SYNTHESIS_TOOL "Design Compiler" -entity ProgramCounter.sv was ignored
    Warning (20014): Assignment for entity set_global_assignment -name EDA_INPUT_GND_NAME GND -entity ProgramCounter.sv -section_id eda_design_synthesis was ignored
    Warning (20014): Assignment for entity set_global_assignment -name EDA_INPUT_VCC_NAME VDD -entity ProgramCounter.sv -section_id eda_design_synthesis was ignored
    Warning (20014): Assignment for entity set_global_assignment -name EDA_INPUT_DATA_FORMAT EDIF -entity ProgramCounter.sv -section_id eda_design_synthesis was ignored
    Warning (20014): Assignment for entity set_global_assignment -name EDA_LMF_FILE altsyn.lmf -entity ProgramCounter.sv -section_id eda_design_synthesis was ignored
    Warning (20014): Assignment for entity set_global_assignment -name EDA_SHOW_LMF_MAPPING_MESSAGES OFF -entity ProgramCounter.sv -section_id eda_design_synthesis was ignored
    Warning (20014): Assignment for entity set_global_assignment -name EDA_RUN_TOOL_AUTOMATICALLY OFF -entity ProgramCounter.sv -section_id eda_design_synthesis was ignored
Info (144001): Generated suppressed messages file D:/Z/projects/RISCV project/RISCV_core_quartus/output_files/RISCV_core.map.smsg
Info (16010): Generating hard_block partition "hard_block:auto_generated_inst"
    Info (16011): Adding 0 node(s), including 0 DDIO, 0 PLL, 0 transceiver and 0 LCELL
Warning (21074): Design contains 3 input pin(s) that do not drive logic
    Warning (15610): No output dependent on input pin "enable" File: D:/Z/projects/RISCV project/RISCV_core_quartus/RISCV_core/RISCV_core.sv Line: 5
    Warning (15610): No output dependent on input pin "reset" File: D:/Z/projects/RISCV project/RISCV_core_quartus/RISCV_core/RISCV_core.sv Line: 5
    Warning (15610): No output dependent on input pin "clk" File: D:/Z/projects/RISCV project/RISCV_core_quartus/RISCV_core/RISCV_core.sv Line: 6
Info (21057): Implemented 3 device resources after synthesis - the final resource count might be different
    Info (21058): Implemented 3 input pins
    Info (21059): Implemented 0 output pins
Info: Quartus Prime Analysis & Synthesis was successful. 0 errors, 19 warnings
    Info: Peak virtual memory: 4753 megabytes
    Info: Processing ended: Sat Apr 26 17:03:09 2025
    Info: Elapsed time: 00:00:13
    Info: Total CPU time (on all processors): 00:00:35


+------------------------------------------+
; Analysis & Synthesis Suppressed Messages ;
+------------------------------------------+
The suppressed messages can be found in D:/Z/projects/RISCV project/RISCV_core_quartus/output_files/RISCV_core.map.smsg.


