Flow report for RISCV_core
Sun Jul 13 01:54:36 2025
Quartus Prime Version 24.1std.0 Build 1077 03/04/2025 SC Lite Edition


---------------------
; Table of Contents ;
---------------------
  1. Legal Notice
  2. Flow Summary
  3. Flow Settings
  4. Flow Non-Default Global Settings
  5. Flow Elapsed Time
  6. Flow OS Summary
  7. Flow Log
  8. Flow Messages
  9. Flow Suppressed Messages



----------------
; Legal Notice ;
----------------
Copyright (C) 2025  Altera Corporation. All rights reserved.
Your use of Altera Corporation's design tools, logic functions 
and other software and tools, and any partner logic 
functions, and any output files from any of the foregoing 
(including device programming or simulation files), and any 
associated documentation or information are expressly subject 
to the terms and conditions of the Altera Program License 
Subscription Agreement, the Altera Quartus Prime License Agreement,
the Altera IP License Agreement, or other applicable license
agreement, including, without limitation, that your use is for
the sole purpose of programming logic devices manufactured by
Altera and sold by Altera or its authorized distributors.  Please
refer to the Altera Software License Subscription Agreements 
on the Quartus Prime software download page.



+--------------------------------------------------------------------------------------+
; Flow Summary                                                                         ;
+------------------------------------+-------------------------------------------------+
; Flow Status                        ; Successful - Sun Jul 13 01:54:36 2025           ;
; Quartus Prime Version              ; 24.1std.0 Build 1077 03/04/2025 SC Lite Edition ;
; Revision Name                      ; RISCV_core                                      ;
; Top-level Entity Name              ; RISCV_core                                      ;
; Family                             ; Cyclone IV E                                    ;
; Device                             ; EP4CE115F29C7                                   ;
; Timing Models                      ; Final                                           ;
; Total logic elements               ; 1,439 / 114,480 ( 1 % )                         ;
;     Total combinational functions  ; 1,406 / 114,480 ( 1 % )                         ;
;     Dedicated logic registers      ; 159 / 114,480 ( < 1 % )                         ;
; Total registers                    ; 159                                             ;
; Total pins                         ; 22 / 529 ( 4 % )                                ;
; Total virtual pins                 ; 0                                               ;
; Total memory bits                  ; 0 / 3,981,312 ( 0 % )                           ;
; Embedded Multiplier 9-bit elements ; 0 / 532 ( 0 % )                                 ;
; Total PLLs                         ; 0 / 4 ( 0 % )                                   ;
+------------------------------------+-------------------------------------------------+


+-----------------------------------------+
; Flow Settings                           ;
+-------------------+---------------------+
; Option            ; Setting             ;
+-------------------+---------------------+
; Start date & time ; 07/13/2025 01:53:56 ;
; Main task         ; Compilation         ;
; Revision Name     ; RISCV_core          ;
+-------------------+---------------------+


+-------------------------------------------------------------------------------------------------------------------------------------------------------+
; Flow Non-Default Global Settings                                                                                                                      ;
+--------------------------------------+----------------------------------------+---------------+-------------------+-----------------------------------+
; Assignment Name                      ; Value                                  ; Default Value ; Entity Name       ; Section Id                        ;
+--------------------------------------+----------------------------------------+---------------+-------------------+-----------------------------------+
; COMPILER_SIGNATURE_ID                ; 209960018526547.175235183614496        ; --            ; --                ; --                                ;
; EDA_DESIGN_ENTRY_SYNTHESIS_TOOL      ; Design Compiler                        ; <None>        ; ProgramCounter.sv ; --                                ;
; EDA_DESIGN_INSTANCE_NAME             ; NA                                     ; --            ; --                ; TB_core                           ;
; EDA_GENERATE_FUNCTIONAL_NETLIST      ; Off                                    ; --            ; --                ; eda_board_design_timing           ;
; EDA_GENERATE_FUNCTIONAL_NETLIST      ; Off                                    ; --            ; --                ; eda_board_design_boundary_scan    ;
; EDA_GENERATE_FUNCTIONAL_NETLIST      ; Off                                    ; --            ; --                ; eda_board_design_signal_integrity ;
; EDA_GENERATE_FUNCTIONAL_NETLIST      ; Off                                    ; --            ; --                ; eda_board_design_symbol           ;
; EDA_INPUT_DATA_FORMAT                ; Edif                                   ; --            ; ProgramCounter.sv ; eda_design_synthesis              ;
; EDA_INPUT_GND_NAME                   ; Gnd                                    ; --            ; ProgramCounter.sv ; eda_design_synthesis              ;
; EDA_INPUT_VCC_NAME                   ; Vdd                                    ; --            ; ProgramCounter.sv ; eda_design_synthesis              ;
; EDA_LMF_FILE                         ; altsyn.lmf                             ; --            ; ProgramCounter.sv ; eda_design_synthesis              ;
; EDA_NATIVELINK_SIMULATION_TEST_BENCH ; TB_core                                ; --            ; --                ; eda_simulation                    ;
; EDA_OUTPUT_DATA_FORMAT               ; Systemverilog Hdl                      ; --            ; --                ; eda_simulation                    ;
; EDA_RUN_TOOL_AUTOMATICALLY           ; Off                                    ; --            ; ProgramCounter.sv ; eda_design_synthesis              ;
; EDA_SHOW_LMF_MAPPING_MESSAGES        ; Off                                    ; --            ; ProgramCounter.sv ; eda_design_synthesis              ;
; EDA_SIMULATION_TOOL                  ; Questa Intel FPGA (SystemVerilog)      ; <None>        ; --                ; --                                ;
; EDA_TEST_BENCH_ENABLE_STATUS         ; NOT_USED                               ; --            ; --                ; eda_simulation                    ;
; EDA_TEST_BENCH_FILE                  ; TB_Core.sv                             ; --            ; --                ; TB_core                           ;
; EDA_TEST_BENCH_MODULE_NAME           ; TB_core                                ; --            ; --                ; TB_core                           ;
; EDA_TEST_BENCH_NAME                  ; TB_core                                ; --            ; --                ; eda_simulation                    ;
; EDA_TIME_SCALE                       ; 1 ps                                   ; --            ; --                ; eda_simulation                    ;
; MAX_CORE_JUNCTION_TEMP               ; 85                                     ; --            ; --                ; --                                ;
; MIN_CORE_JUNCTION_TEMP               ; 0                                      ; --            ; --                ; --                                ;
; NOMINAL_CORE_SUPPLY_VOLTAGE          ; 1.2V                                   ; --            ; --                ; --                                ;
; PARTITION_COLOR                      ; -- (Not supported for targeted family) ; --            ; --                ; Top                               ;
; PARTITION_FITTER_PRESERVATION_LEVEL  ; -- (Not supported for targeted family) ; --            ; --                ; Top                               ;
; PARTITION_NETLIST_TYPE               ; -- (Not supported for targeted family) ; --            ; --                ; Top                               ;
; POWER_BOARD_THERMAL_MODEL            ; None (CONSERVATIVE)                    ; --            ; --                ; --                                ;
; POWER_PRESET_COOLING_SOLUTION        ; 23 MM HEAT SINK WITH 200 LFPM AIRFLOW  ; --            ; --                ; --                                ;
; PROJECT_OUTPUT_DIRECTORY             ; output_files                           ; --            ; --                ; --                                ;
+--------------------------------------+----------------------------------------+---------------+-------------------+-----------------------------------+


+--------------------------------------------------------------------------------------------------------------------------+
; Flow Elapsed Time                                                                                                        ;
+----------------------+--------------+-------------------------+---------------------+------------------------------------+
; Module Name          ; Elapsed Time ; Average Processors Used ; Peak Virtual Memory ; Total CPU Time (on all processors) ;
+----------------------+--------------+-------------------------+---------------------+------------------------------------+
; Analysis & Synthesis ; 00:00:11     ; 1.0                     ; 4875 MB             ; 00:00:21                           ;
; Fitter               ; 00:00:20     ; 1.1                     ; 6845 MB             ; 00:00:41                           ;
; Assembler            ; 00:00:02     ; 1.0                     ; 4986 MB             ; 00:00:02                           ;
; Timing Analyzer      ; 00:00:02     ; 1.9                     ; 5043 MB             ; 00:00:03                           ;
; EDA Netlist Writer   ; 00:00:01     ; 1.0                     ; 4677 MB             ; 00:00:00                           ;
; Total                ; 00:00:36     ; --                      ; --                  ; 00:01:07                           ;
+----------------------+--------------+-------------------------+---------------------+------------------------------------+


+------------------------------------------------------------------------------------+
; Flow OS Summary                                                                    ;
+----------------------+------------------+------------+------------+----------------+
; Module Name          ; Machine Hostname ; OS Name    ; OS Version ; Processor type ;
+----------------------+------------------+------------+------------+----------------+
; Analysis & Synthesis ; Nitro            ; Windows 10 ; 10.0       ; x86_64         ;
; Fitter               ; Nitro            ; Windows 10 ; 10.0       ; x86_64         ;
; Assembler            ; Nitro            ; Windows 10 ; 10.0       ; x86_64         ;
; Timing Analyzer      ; Nitro            ; Windows 10 ; 10.0       ; x86_64         ;
; EDA Netlist Writer   ; Nitro            ; Windows 10 ; 10.0       ; x86_64         ;
+----------------------+------------------+------------+------------+----------------+


------------
; Flow Log ;
------------
quartus_map --read_settings_files=on --write_settings_files=off RISCV_core -c RISCV_core
quartus_fit --read_settings_files=off --write_settings_files=off RISCV_core -c RISCV_core
quartus_asm --read_settings_files=off --write_settings_files=off RISCV_core -c RISCV_core
quartus_sta RISCV_core -c RISCV_core
quartus_eda --read_settings_files=off --write_settings_files=off RISCV_core -c RISCV_core



